<?xml version="1.0" encoding="UTF-8"?>
<!-- Generated by org.testng.reporters.JUnitReportReporter -->
<testsuite hostname="LAPTOP-GQC03NB2" failures="0" tests="2" name="amazonpage.login" time="0.193" errors="0" timestamp="2022-11-17T09:41:10 IST" skipped="0">
  <testcase classname="amazonpage.login" name="title" time="0.145"/>
  <system-out/>
  <testcase classname="amazonpage.login" name="currenturl" time="0.048"/>
  <system-out/>
</testsuite> <!-- amazonpage.login -->
