<?xml version="1.0" encoding="UTF-8"?>
<!-- Generated by org.testng.reporters.JUnitReportReporter -->
<testsuite hostname="LAPTOP-GQC03NB2" failures="0" tests="6" name="methods.program1" time="0.022" errors="0" timestamp="2022-11-17T09:41:50 IST" skipped="0">
  <testcase classname="methods.program1" name="openingbrowser" time="0.002"/>
  <system-out/>
  <testcase classname="methods.program1" name="feedback" time="0.007"/>
  <system-out/>
  <testcase classname="methods.program1" name="delivery" time="0.002"/>
  <system-out/>
  <testcase classname="methods.program1" name="productdetails" time="0.004"/>
  <system-out/>
  <testcase classname="methods.program1" name="paymentdetails" time="0.005"/>
  <system-out/>
  <testcase classname="methods.program1" name="customerdetails" time="0.002"/>
  <system-out/>
</testsuite> <!-- methods.program1 -->
